Dodge
Makefile:2: *** multiple target patterns.  Stop.
Dodge
Makefile:2: *** multiple target patterns.  Stop.
Dodge
Makefile:2: *** multiple target patterns.  Stop.
Dodge
Makefile:2: *** multiple target patterns.  Stop.
Dodge
Makefile:2: *** multiple target patterns.  Stop.
Dodge
Makefile:2: *** multiple target patterns.  Stop.
Dodge
Makefile:2: *** multiple target patterns.  Stop.
Dodge
Makefile:2: *** multiple target patterns.  Stop.
Dodge
Makefile:2: *** multiple target patterns.  Stop.
Dodge
Makefile:2: *** multiple target patterns.  Stop.
Dodge
Makefile:2: *** multiple target patterns.  Stop.
Dodge
Makefile:2: *** multiple target patterns.  Stop.
Dodge
Makefile:2: *** multiple target patterns.  Stop.
Dodge
Makefile:2: *** multiple target patterns.  Stop.
Dodge
Makefile:2: *** multiple target patterns.  Stop.
Dodge
Makefile:2: *** multiple target patterns.  Stop.
Dodge
Makefile:2: *** multiple target patterns.  Stop.
Sorting algorithm
Makefile:2: *** multiple target patterns.  Stop.
wc
wc: 'Sorting\ Tools': No such file or directory
Sorting algorithm
Makefile:2: *** multiple target patterns.  Stop.
Sorting algorithm
Makefile:2: *** multiple target patterns.  Stop.
wc
wc: 'Sorting\ Tools': No such file or directory
Sorting algorithm
Makefile:2: *** multiple target patterns.  Stop.
Sorting algorithm
Makefile:2: *** multiple target patterns.  Stop.
wc
wc: 'Sorting\ Tools': No such file or directory
Sorting algorithm
Makefile:2: *** multiple target patterns.  Stop.
Sorting algorithm
Makefile:2: *** multiple target patterns.  Stop.
wc
wc: 'Sorting\ Tools': No such file or directory
Sorting algorithm
Makefile:2: *** multiple target patterns.  Stop.
Sorting algorithm
Makefile:2: *** multiple target patterns.  Stop.
wc
wc: 'Sorting\ Tools': No such file or directory
Sorting algorithm
Makefile:2: *** multiple target patterns.  Stop.
Sorting algorithm
Makefile:2: *** multiple target patterns.  Stop.
wc
wc: 'Sorting\ Tools': No such file or directory
Sorting algorithm
Makefile:2: *** multiple target patterns.  Stop.
DM FileInfo
Makefile:2: *** multiple target patterns.  Stop.
DM FileInfo
Makefile:2: *** multiple target patterns.  Stop.
DM FileInfo
Makefile:2: *** multiple target patterns.  Stop.
DM FileInfo
Makefile:2: *** multiple target patterns.  Stop.
DM FileInfo
Makefile:2: *** multiple target patterns.  Stop.
DM FileInfo
Makefile:2: *** multiple target patterns.  Stop.
DM FileInfo
Makefile:2: *** multiple target patterns.  Stop.
DM FileInfo
Makefile:2: *** multiple target patterns.  Stop.
DM FileInfo
Makefile:2: *** multiple target patterns.  Stop.
DM FileInfo
Makefile:2: *** multiple target patterns.  Stop.
DM FileInfo
Makefile:2: *** multiple target patterns.  Stop.
DM FileInfo
Makefile:2: *** multiple target patterns.  Stop.
Simple Config File Reader
Makefile:2: *** multiple target patterns.  Stop.
Simple Config File Reader
Makefile:2: *** multiple target patterns.  Stop.
Simple Config File Reader
Makefile:2: *** multiple target patterns.  Stop.
Simple Config File Reader
Makefile:2: *** multiple target patterns.  Stop.
Simple Config File Reader
Makefile:2: *** multiple target patterns.  Stop.
Simple Config File Reader
Makefile:2: *** multiple target patterns.  Stop.
Simple Config File Reader
Makefile:2: *** multiple target patterns.  Stop.
Simple Config File Reader
Makefile:2: *** multiple target patterns.  Stop.
Simple Config File Reader
Makefile:2: *** multiple target patterns.  Stop.
Simple Config File Reader
Makefile:2: *** multiple target patterns.  Stop.
Simple Config File Reader
Makefile:2: *** multiple target patterns.  Stop.
Simple Config File Reader
Makefile:2: *** multiple target patterns.  Stop.
A Hangman Game (College Nickname Edition)
Makefile:2: *** multiple target patterns.  Stop.
wc
wc: 'hangman\(colleges\)': No such file or directory
A Hangman Game (College Nickname Edition)
Makefile:2: *** multiple target patterns.  Stop.
A Hangman Game (College Nickname Edition)
Makefile:2: *** multiple target patterns.  Stop.
wc
wc: 'hangman\(colleges\)': No such file or directory
A Hangman Game (College Nickname Edition)
Makefile:2: *** multiple target patterns.  Stop.
A Hangman Game (College Nickname Edition)
Makefile:2: *** multiple target patterns.  Stop.
wc
wc: 'hangman\(colleges\)': No such file or directory
A Hangman Game (College Nickname Edition)
Makefile:2: *** multiple target patterns.  Stop.
A Hangman Game (College Nickname Edition)
Makefile:2: *** multiple target patterns.  Stop.
wc
wc: 'hangman\(colleges\)': No such file or directory
A Hangman Game (College Nickname Edition)
Makefile:2: *** multiple target patterns.  Stop.
A Hangman Game (College Nickname Edition)
Makefile:2: *** multiple target patterns.  Stop.
wc
wc: 'hangman\(colleges\)': No such file or directory
A Hangman Game (College Nickname Edition)
Makefile:2: *** multiple target patterns.  Stop.
A Hangman Game (College Nickname Edition)
Makefile:2: *** multiple target patterns.  Stop.
wc
wc: 'hangman\(colleges\)': No such file or directory
A Hangman Game (College Nickname Edition)
Makefile:2: *** multiple target patterns.  Stop.
charactor arrays
Makefile:2: *** multiple target patterns.  Stop.
charactor arrays
Makefile:2: *** multiple target patterns.  Stop.
charactor arrays
Makefile:2: *** multiple target patterns.  Stop.
charactor arrays
Makefile:2: *** multiple target patterns.  Stop.
charactor arrays
Makefile:2: *** multiple target patterns.  Stop.
charactor arrays
Makefile:2: *** multiple target patterns.  Stop.
charactor arrays
Makefile:2: *** multiple target patterns.  Stop.
charactor arrays
Makefile:2: *** multiple target patterns.  Stop.
charactor arrays
Makefile:2: *** multiple target patterns.  Stop.
charactor arrays
Makefile:2: *** multiple target patterns.  Stop.
charactor arrays
Makefile:2: *** multiple target patterns.  Stop.
charactor arrays
Makefile:2: *** multiple target patterns.  Stop.
StopWatch
Makefile:2: *** multiple target patterns.  Stop.
StopWatch
Makefile:2: *** multiple target patterns.  Stop.
StopWatch
Makefile:2: *** multiple target patterns.  Stop.
StopWatch
Makefile:2: *** multiple target patterns.  Stop.
StopWatch
Makefile:2: *** multiple target patterns.  Stop.
StopWatch
Makefile:2: *** multiple target patterns.  Stop.
StopWatch
Makefile:2: *** multiple target patterns.  Stop.
StopWatch
Makefile:2: *** multiple target patterns.  Stop.
StopWatch
Makefile:2: *** multiple target patterns.  Stop.
StopWatch
Makefile:2: *** multiple target patterns.  Stop.
StopWatch
Makefile:2: *** multiple target patterns.  Stop.
StopWatch
Makefile:2: *** multiple target patterns.  Stop.
bash intrepreter
Makefile:2: *** multiple target patterns.  Stop.
bash intrepreter
Makefile:2: *** multiple target patterns.  Stop.
bash intrepreter
Makefile:2: *** multiple target patterns.  Stop.
bash intrepreter
Makefile:2: *** multiple target patterns.  Stop.
bash intrepreter
Makefile:2: *** multiple target patterns.  Stop.
bash intrepreter
Makefile:2: *** multiple target patterns.  Stop.
bash intrepreter
Makefile:2: *** multiple target patterns.  Stop.
bash intrepreter
Makefile:2: *** multiple target patterns.  Stop.
bash intrepreter
Makefile:2: *** multiple target patterns.  Stop.
bash intrepreter
Makefile:2: *** multiple target patterns.  Stop.
bash intrepreter
Makefile:2: *** multiple target patterns.  Stop.
bash intrepreter
Makefile:2: *** multiple target patterns.  Stop.
Numerical Analysis Techniques
Makefile:2: *** multiple target patterns.  Stop.
Numerical Analysis Techniques
Makefile:2: *** multiple target patterns.  Stop.
Numerical Analysis Techniques
Makefile:2: *** multiple target patterns.  Stop.
Numerical Analysis Techniques
Makefile:2: *** multiple target patterns.  Stop.
Numerical Analysis Techniques
Makefile:2: *** multiple target patterns.  Stop.
Numerical Analysis Techniques
Makefile:2: *** multiple target patterns.  Stop.
Numerical Analysis Techniques
Makefile:2: *** multiple target patterns.  Stop.
Numerical Analysis Techniques
Makefile:2: *** multiple target patterns.  Stop.
Numerical Analysis Techniques
Makefile:2: *** multiple target patterns.  Stop.
Numerical Analysis Techniques
Makefile:2: *** multiple target patterns.  Stop.
Numerical Analysis Techniques
Makefile:2: *** multiple target patterns.  Stop.
Numerical Analysis Techniques
Makefile:2: *** multiple target patterns.  Stop.
Stack class
Makefile:2: *** multiple target patterns.  Stop.
Stack class
Makefile:2: *** multiple target patterns.  Stop.
Stack class
Makefile:2: *** multiple target patterns.  Stop.
Stack class
Makefile:2: *** multiple target patterns.  Stop.
Stack class
Makefile:2: *** multiple target patterns.  Stop.
Stack class
Makefile:2: *** multiple target patterns.  Stop.
Stack class
Makefile:2: *** multiple target patterns.  Stop.
Stack class
Makefile:2: *** multiple target patterns.  Stop.
Stack class
Makefile:2: *** multiple target patterns.  Stop.
Stack class
Makefile:2: *** multiple target patterns.  Stop.
Stack class
Makefile:2: *** multiple target patterns.  Stop.
Stack class
Makefile:2: *** multiple target patterns.  Stop.
Skatedown
Makefile:2: *** multiple target patterns.  Stop.
Skatedown
Makefile:2: *** multiple target patterns.  Stop.
Skatedown
Makefile:2: *** multiple target patterns.  Stop.
Skatedown
Makefile:2: *** multiple target patterns.  Stop.
Skatedown
Makefile:2: *** multiple target patterns.  Stop.
Skatedown
Makefile:2: *** multiple target patterns.  Stop.
Skatedown
Makefile:2: *** multiple target patterns.  Stop.
Skatedown
Makefile:2: *** multiple target patterns.  Stop.
Skatedown
Makefile:2: *** multiple target patterns.  Stop.
Skatedown
Makefile:2: *** multiple target patterns.  Stop.
Skatedown
Makefile:2: *** multiple target patterns.  Stop.
Skatedown
Makefile:2: *** multiple target patterns.  Stop.
Cpp Console TicTacToe-2
Makefile:2: *** multiple target patterns.  Stop.
Cpp Console TicTacToe-2
Makefile:2: *** multiple target patterns.  Stop.
Cpp Console TicTacToe-2
Makefile:2: *** multiple target patterns.  Stop.
Cpp Console TicTacToe-2
Makefile:2: *** multiple target patterns.  Stop.
Cpp Console TicTacToe-2
Makefile:2: *** multiple target patterns.  Stop.
Cpp Console TicTacToe-2
Makefile:2: *** multiple target patterns.  Stop.
Cpp Console TicTacToe-2
Makefile:2: *** multiple target patterns.  Stop.
Cpp Console TicTacToe-2
Makefile:2: *** multiple target patterns.  Stop.
Cpp Console TicTacToe-2
Makefile:2: *** multiple target patterns.  Stop.
Cpp Console TicTacToe-2
Makefile:2: *** multiple target patterns.  Stop.
Cpp Console TicTacToe-2
Makefile:2: *** multiple target patterns.  Stop.
Cpp Console TicTacToe-2
Makefile:2: *** multiple target patterns.  Stop.
Expression calculator using Expression trees. Infix to Postfix. Reverse Polish Notation(RPN)
Makefile:2: *** multiple target patterns.  Stop.
Expression calculator using Expression trees. Infix to Postfix. Reverse Polish Notation(RPN)
Makefile:2: *** multiple target patterns.  Stop.
Expression calculator using Expression trees. Infix to Postfix. Reverse Polish Notation(RPN)
Makefile:2: *** multiple target patterns.  Stop.
Expression calculator using Expression trees. Infix to Postfix. Reverse Polish Notation(RPN)
Makefile:2: *** multiple target patterns.  Stop.
Expression calculator using Expression trees. Infix to Postfix. Reverse Polish Notation(RPN)
Makefile:2: *** multiple target patterns.  Stop.
Expression calculator using Expression trees. Infix to Postfix. Reverse Polish Notation(RPN)
Makefile:2: *** multiple target patterns.  Stop.
Expression calculator using Expression trees. Infix to Postfix. Reverse Polish Notation(RPN)
Makefile:2: *** multiple target patterns.  Stop.
Expression calculator using Expression trees. Infix to Postfix. Reverse Polish Notation(RPN)
Makefile:2: *** multiple target patterns.  Stop.
Expression calculator using Expression trees. Infix to Postfix. Reverse Polish Notation(RPN)
Makefile:2: *** multiple target patterns.  Stop.
Expression calculator using Expression trees. Infix to Postfix. Reverse Polish Notation(RPN)
Makefile:2: *** multiple target patterns.  Stop.
Expression calculator using Expression trees. Infix to Postfix. Reverse Polish Notation(RPN)
Makefile:2: *** multiple target patterns.  Stop.
Expression calculator using Expression trees. Infix to Postfix. Reverse Polish Notation(RPN)
Makefile:2: *** multiple target patterns.  Stop.
Configuration Viewer 2.0
Makefile:2: *** multiple target patterns.  Stop.
Configuration Viewer 2.0
Makefile:2: *** multiple target patterns.  Stop.
Configuration Viewer 2.0
Makefile:2: *** multiple target patterns.  Stop.
Configuration Viewer 2.0
Makefile:2: *** multiple target patterns.  Stop.
Configuration Viewer 2.0
Makefile:2: *** multiple target patterns.  Stop.
Configuration Viewer 2.0
Makefile:2: *** multiple target patterns.  Stop.
Configuration Viewer 2.0
Makefile:2: *** multiple target patterns.  Stop.
Configuration Viewer 2.0
Makefile:2: *** multiple target patterns.  Stop.
Configuration Viewer 2.0
Makefile:2: *** multiple target patterns.  Stop.
Configuration Viewer 2.0
Makefile:2: *** multiple target patterns.  Stop.
Configuration Viewer 2.0
Makefile:2: *** multiple target patterns.  Stop.
Configuration Viewer 2.0
Makefile:2: *** multiple target patterns.  Stop.
Super Penguin Bros. v0.01
Makefile:2: *** multiple target patterns.  Stop.
Super Penguin Bros. v0.01
Makefile:2: *** multiple target patterns.  Stop.
Super Penguin Bros. v0.01
Makefile:2: *** multiple target patterns.  Stop.
Super Penguin Bros. v0.01
Makefile:2: *** multiple target patterns.  Stop.
Super Penguin Bros. v0.01
Makefile:2: *** multiple target patterns.  Stop.
Super Penguin Bros. v0.01
Makefile:2: *** multiple target patterns.  Stop.
Super Penguin Bros. v0.01
Makefile:2: *** multiple target patterns.  Stop.
Super Penguin Bros. v0.01
Makefile:2: *** multiple target patterns.  Stop.
Super Penguin Bros. v0.01
Makefile:2: *** multiple target patterns.  Stop.
Super Penguin Bros. v0.01
Makefile:2: *** multiple target patterns.  Stop.
Super Penguin Bros. v0.01
Makefile:2: *** multiple target patterns.  Stop.
Super Penguin Bros. v0.01
Makefile:2: *** multiple target patterns.  Stop.
Neural Networks (A state of the art Artificial Intelligence demonstration)
Makefile:2: *** multiple target patterns.  Stop.
Neural Networks (A state of the art Artificial Intelligence demonstration)
Makefile:2: *** multiple target patterns.  Stop.
Neural Networks (A state of the art Artificial Intelligence demonstration)
Makefile:2: *** multiple target patterns.  Stop.
Neural Networks (A state of the art Artificial Intelligence demonstration)
Makefile:2: *** multiple target patterns.  Stop.
Neural Networks (A state of the art Artificial Intelligence demonstration)
Makefile:2: *** multiple target patterns.  Stop.
Neural Networks (A state of the art Artificial Intelligence demonstration)
Makefile:2: *** multiple target patterns.  Stop.
Neural Networks (A state of the art Artificial Intelligence demonstration)
Makefile:2: *** multiple target patterns.  Stop.
Neural Networks (A state of the art Artificial Intelligence demonstration)
Makefile:2: *** multiple target patterns.  Stop.
Neural Networks (A state of the art Artificial Intelligence demonstration)
Makefile:2: *** multiple target patterns.  Stop.
Neural Networks (A state of the art Artificial Intelligence demonstration)
Makefile:2: *** multiple target patterns.  Stop.
Neural Networks (A state of the art Artificial Intelligence demonstration)
Makefile:2: *** multiple target patterns.  Stop.
Neural Networks (A state of the art Artificial Intelligence demonstration)
Makefile:2: *** multiple target patterns.  Stop.
^^Use Bubble Sort for Ordering Strings
Makefile:2: *** multiple target patterns.  Stop.
wc
wc: 'Bubble\ Sort2': No such file or directory
^^Use Bubble Sort for Ordering Strings
Makefile:2: *** multiple target patterns.  Stop.
^^Use Bubble Sort for Ordering Strings
Makefile:2: *** multiple target patterns.  Stop.
wc
wc: 'Bubble\ Sort2': No such file or directory
^^Use Bubble Sort for Ordering Strings
Makefile:2: *** multiple target patterns.  Stop.
^^Use Bubble Sort for Ordering Strings
Makefile:2: *** multiple target patterns.  Stop.
wc
wc: 'Bubble\ Sort2': No such file or directory
^^Use Bubble Sort for Ordering Strings
Makefile:2: *** multiple target patterns.  Stop.
^^Use Bubble Sort for Ordering Strings
Makefile:2: *** multiple target patterns.  Stop.
wc
wc: 'Bubble\ Sort2': No such file or directory
^^Use Bubble Sort for Ordering Strings
Makefile:2: *** multiple target patterns.  Stop.
^^Use Bubble Sort for Ordering Strings
Makefile:2: *** multiple target patterns.  Stop.
wc
wc: 'Bubble\ Sort2': No such file or directory
^^Use Bubble Sort for Ordering Strings
Makefile:2: *** multiple target patterns.  Stop.
^^Use Bubble Sort for Ordering Strings
Makefile:2: *** multiple target patterns.  Stop.
wc
wc: 'Bubble\ Sort2': No such file or directory
^^Use Bubble Sort for Ordering Strings
Makefile:2: *** multiple target patterns.  Stop.
Begining socket programming in Windows and UNIX (LINUX) - Tutorial and 2 source code server examples
Makefile:2: *** multiple target patterns.  Stop.
Begining socket programming in Windows and UNIX (LINUX) - Tutorial and 2 source code server examples
Makefile:2: *** multiple target patterns.  Stop.
Begining socket programming in Windows and UNIX (LINUX) - Tutorial and 2 source code server examples
Makefile:2: *** multiple target patterns.  Stop.
Begining socket programming in Windows and UNIX (LINUX) - Tutorial and 2 source code server examples
Makefile:2: *** multiple target patterns.  Stop.
Begining socket programming in Windows and UNIX (LINUX) - Tutorial and 2 source code server examples
Makefile:2: *** multiple target patterns.  Stop.
Begining socket programming in Windows and UNIX (LINUX) - Tutorial and 2 source code server examples
Makefile:2: *** multiple target patterns.  Stop.
Begining socket programming in Windows and UNIX (LINUX) - Tutorial and 2 source code server examples
Makefile:2: *** multiple target patterns.  Stop.
Begining socket programming in Windows and UNIX (LINUX) - Tutorial and 2 source code server examples
Makefile:2: *** multiple target patterns.  Stop.
Begining socket programming in Windows and UNIX (LINUX) - Tutorial and 2 source code server examples
Makefile:2: *** multiple target patterns.  Stop.
Begining socket programming in Windows and UNIX (LINUX) - Tutorial and 2 source code server examples
Makefile:2: *** multiple target patterns.  Stop.
Begining socket programming in Windows and UNIX (LINUX) - Tutorial and 2 source code server examples
Makefile:2: *** multiple target patterns.  Stop.
Begining socket programming in Windows and UNIX (LINUX) - Tutorial and 2 source code server examples
Makefile:2: *** multiple target patterns.  Stop.
A really cool binary translator!
Makefile:2: *** multiple target patterns.  Stop.
A really cool binary translator!
Makefile:2: *** multiple target patterns.  Stop.
A really cool binary translator!
Makefile:2: *** multiple target patterns.  Stop.
A really cool binary translator!
Makefile:2: *** multiple target patterns.  Stop.
A really cool binary translator!
Makefile:2: *** multiple target patterns.  Stop.
A really cool binary translator!
Makefile:2: *** multiple target patterns.  Stop.
A really cool binary translator!
Makefile:2: *** multiple target patterns.  Stop.
A really cool binary translator!
Makefile:2: *** multiple target patterns.  Stop.
A really cool binary translator!
Makefile:2: *** multiple target patterns.  Stop.
A really cool binary translator!
Makefile:2: *** multiple target patterns.  Stop.
A really cool binary translator!
Makefile:2: *** multiple target patterns.  Stop.
A really cool binary translator!
Makefile:2: *** multiple target patterns.  Stop.
C mailing list database with algorithm
Makefile:2: *** multiple target patterns.  Stop.
C mailing list database with algorithm
Makefile:2: *** multiple target patterns.  Stop.
C mailing list database with algorithm
Makefile:2: *** multiple target patterns.  Stop.
C mailing list database with algorithm
Makefile:2: *** multiple target patterns.  Stop.
C mailing list database with algorithm
Makefile:2: *** multiple target patterns.  Stop.
C mailing list database with algorithm
Makefile:2: *** multiple target patterns.  Stop.
C mailing list database with algorithm
Makefile:2: *** multiple target patterns.  Stop.
C mailing list database with algorithm
Makefile:2: *** multiple target patterns.  Stop.
C mailing list database with algorithm
Makefile:2: *** multiple target patterns.  Stop.
C mailing list database with algorithm
Makefile:2: *** multiple target patterns.  Stop.
C mailing list database with algorithm
Makefile:2: *** multiple target patterns.  Stop.
C mailing list database with algorithm
Makefile:2: *** multiple target patterns.  Stop.
C Phonebook Project
Makefile:2: *** multiple target patterns.  Stop.
C Phonebook Project
Makefile:2: *** multiple target patterns.  Stop.
C Phonebook Project
Makefile:2: *** multiple target patterns.  Stop.
C Phonebook Project
Makefile:2: *** multiple target patterns.  Stop.
C Phonebook Project
Makefile:2: *** multiple target patterns.  Stop.
C Phonebook Project
Makefile:2: *** multiple target patterns.  Stop.
C Phonebook Project
Makefile:2: *** multiple target patterns.  Stop.
C Phonebook Project
Makefile:2: *** multiple target patterns.  Stop.
C Phonebook Project
Makefile:2: *** multiple target patterns.  Stop.
C Phonebook Project
Makefile:2: *** multiple target patterns.  Stop.
C Phonebook Project
Makefile:2: *** multiple target patterns.  Stop.
C Phonebook Project
Makefile:2: *** multiple target patterns.  Stop.
Cpp Class Objects to Vector STL
Makefile:2: *** multiple target patterns.  Stop.
Cpp Class Objects to Vector STL
Makefile:2: *** multiple target patterns.  Stop.
Cpp Class Objects to Vector STL
Makefile:2: *** multiple target patterns.  Stop.
Cpp Class Objects to Vector STL
Makefile:2: *** multiple target patterns.  Stop.
Cpp Class Objects to Vector STL
Makefile:2: *** multiple target patterns.  Stop.
Cpp Class Objects to Vector STL
Makefile:2: *** multiple target patterns.  Stop.
Cpp Class Objects to Vector STL
Makefile:2: *** multiple target patterns.  Stop.
Cpp Class Objects to Vector STL
Makefile:2: *** multiple target patterns.  Stop.
Cpp Class Objects to Vector STL
Makefile:2: *** multiple target patterns.  Stop.
Cpp Class Objects to Vector STL
Makefile:2: *** multiple target patterns.  Stop.
Cpp Class Objects to Vector STL
Makefile:2: *** multiple target patterns.  Stop.
Cpp Class Objects to Vector STL
Makefile:2: *** multiple target patterns.  Stop.
The 8086 Assembler
Makefile:2: *** multiple target patterns.  Stop.
The 8086 Assembler
Makefile:2: *** multiple target patterns.  Stop.
The 8086 Assembler
Makefile:2: *** multiple target patterns.  Stop.
The 8086 Assembler
Makefile:2: *** multiple target patterns.  Stop.
The 8086 Assembler
Makefile:2: *** multiple target patterns.  Stop.
The 8086 Assembler
Makefile:2: *** multiple target patterns.  Stop.
The 8086 Assembler
Makefile:2: *** multiple target patterns.  Stop.
The 8086 Assembler
Makefile:2: *** multiple target patterns.  Stop.
The 8086 Assembler
Makefile:2: *** multiple target patterns.  Stop.
The 8086 Assembler
Makefile:2: *** multiple target patterns.  Stop.
The 8086 Assembler
Makefile:2: *** multiple target patterns.  Stop.
The 8086 Assembler
Makefile:2: *** multiple target patterns.  Stop.
Pixel Building
Makefile:2: *** multiple target patterns.  Stop.
Pixel Building
Makefile:2: *** multiple target patterns.  Stop.
Pixel Building
Makefile:2: *** multiple target patterns.  Stop.
Pixel Building
Makefile:2: *** multiple target patterns.  Stop.
Pixel Building
Makefile:2: *** multiple target patterns.  Stop.
Pixel Building
Makefile:2: *** multiple target patterns.  Stop.
Pixel Building
Makefile:2: *** multiple target patterns.  Stop.
Pixel Building
Makefile:2: *** multiple target patterns.  Stop.
Pixel Building
Makefile:2: *** multiple target patterns.  Stop.
Pixel Building
Makefile:2: *** multiple target patterns.  Stop.
Pixel Building
Makefile:2: *** multiple target patterns.  Stop.
Pixel Building
Makefile:2: *** multiple target patterns.  Stop.
Dodge
Makefile:2: *** multiple target patterns.  Stop.
Dodge
Makefile:2: *** multiple target patterns.  Stop.
Dodge
Makefile:2: *** multiple target patterns.  Stop.
Dodge
Makefile:2: *** multiple target patterns.  Stop.
Dodge
Makefile:2: *** multiple target patterns.  Stop.
Dodge
Makefile:2: *** multiple target patterns.  Stop.
Dodge
Makefile:2: *** multiple target patterns.  Stop.
Dodge
Makefile:2: *** multiple target patterns.  Stop.
Dodge
Makefile:2: *** multiple target patterns.  Stop.
Dodge
Makefile:2: *** multiple target patterns.  Stop.
Dodge
Makefile:2: *** multiple target patterns.  Stop.
Dodge
Makefile:2: *** multiple target patterns.  Stop.
Sorting algorithm
Makefile:2: *** multiple target patterns.  Stop.
wc
wc: 'Sorting\ Tools': No such file or directory
Sorting algorithm
Makefile:2: *** multiple target patterns.  Stop.
Sorting algorithm
Makefile:2: *** multiple target patterns.  Stop.
wc
wc: 'Sorting\ Tools': No such file or directory
Sorting algorithm
Makefile:2: *** multiple target patterns.  Stop.
Sorting algorithm
Makefile:2: *** multiple target patterns.  Stop.
wc
wc: 'Sorting\ Tools': No such file or directory
Sorting algorithm
Makefile:2: *** multiple target patterns.  Stop.
Sorting algorithm
Makefile:2: *** multiple target patterns.  Stop.
wc
wc: 'Sorting\ Tools': No such file or directory
Sorting algorithm
Makefile:2: *** multiple target patterns.  Stop.
Sorting algorithm
Makefile:2: *** multiple target patterns.  Stop.
wc
wc: 'Sorting\ Tools': No such file or directory
Sorting algorithm
Makefile:2: *** multiple target patterns.  Stop.
Sorting algorithm
Makefile:2: *** multiple target patterns.  Stop.
wc
wc: 'Sorting\ Tools': No such file or directory
Sorting algorithm
Makefile:2: *** multiple target patterns.  Stop.
DM FileInfo
Makefile:2: *** multiple target patterns.  Stop.
DM FileInfo
Makefile:2: *** multiple target patterns.  Stop.
DM FileInfo
Makefile:2: *** multiple target patterns.  Stop.
DM FileInfo
Makefile:2: *** multiple target patterns.  Stop.
DM FileInfo
Makefile:2: *** multiple target patterns.  Stop.
DM FileInfo
Makefile:2: *** multiple target patterns.  Stop.
DM FileInfo
Makefile:2: *** multiple target patterns.  Stop.
DM FileInfo
Makefile:2: *** multiple target patterns.  Stop.
DM FileInfo
Makefile:2: *** multiple target patterns.  Stop.
DM FileInfo
Makefile:2: *** multiple target patterns.  Stop.
DM FileInfo
Makefile:2: *** multiple target patterns.  Stop.
DM FileInfo
Makefile:2: *** multiple target patterns.  Stop.
Simple Config File Reader
Makefile:2: *** multiple target patterns.  Stop.
Simple Config File Reader
Makefile:2: *** multiple target patterns.  Stop.
Simple Config File Reader
Makefile:2: *** multiple target patterns.  Stop.
Simple Config File Reader
Makefile:2: *** multiple target patterns.  Stop.
Simple Config File Reader
Makefile:2: *** multiple target patterns.  Stop.
Simple Config File Reader
Makefile:2: *** multiple target patterns.  Stop.
Simple Config File Reader
Makefile:2: *** multiple target patterns.  Stop.
Simple Config File Reader
Makefile:2: *** multiple target patterns.  Stop.
Simple Config File Reader
Makefile:2: *** multiple target patterns.  Stop.
Simple Config File Reader
Makefile:2: *** multiple target patterns.  Stop.
Simple Config File Reader
Makefile:2: *** multiple target patterns.  Stop.
Simple Config File Reader
Makefile:2: *** multiple target patterns.  Stop.
A Hangman Game (College Nickname Edition)
Makefile:2: *** multiple target patterns.  Stop.
wc
wc: 'hangman\(colleges\)': No such file or directory
A Hangman Game (College Nickname Edition)
Makefile:2: *** multiple target patterns.  Stop.
A Hangman Game (College Nickname Edition)
Makefile:2: *** multiple target patterns.  Stop.
wc
wc: 'hangman\(colleges\)': No such file or directory
A Hangman Game (College Nickname Edition)
Makefile:2: *** multiple target patterns.  Stop.
A Hangman Game (College Nickname Edition)
Makefile:2: *** multiple target patterns.  Stop.
wc
wc: 'hangman\(colleges\)': No such file or directory
A Hangman Game (College Nickname Edition)
Makefile:2: *** multiple target patterns.  Stop.
A Hangman Game (College Nickname Edition)
Makefile:2: *** multiple target patterns.  Stop.
wc
wc: 'hangman\(colleges\)': No such file or directory
A Hangman Game (College Nickname Edition)
Makefile:2: *** multiple target patterns.  Stop.
A Hangman Game (College Nickname Edition)
Makefile:2: *** multiple target patterns.  Stop.
wc
wc: 'hangman\(colleges\)': No such file or directory
A Hangman Game (College Nickname Edition)
Makefile:2: *** multiple target patterns.  Stop.
A Hangman Game (College Nickname Edition)
Makefile:2: *** multiple target patterns.  Stop.
wc
wc: 'hangman\(colleges\)': No such file or directory
A Hangman Game (College Nickname Edition)
Makefile:2: *** multiple target patterns.  Stop.
charactor arrays
Makefile:2: *** multiple target patterns.  Stop.
charactor arrays
Makefile:2: *** multiple target patterns.  Stop.
charactor arrays
Makefile:2: *** multiple target patterns.  Stop.
charactor arrays
Makefile:2: *** multiple target patterns.  Stop.
charactor arrays
Makefile:2: *** multiple target patterns.  Stop.
charactor arrays
Makefile:2: *** multiple target patterns.  Stop.
charactor arrays
Makefile:2: *** multiple target patterns.  Stop.
charactor arrays
Makefile:2: *** multiple target patterns.  Stop.
charactor arrays
Makefile:2: *** multiple target patterns.  Stop.
charactor arrays
Makefile:2: *** multiple target patterns.  Stop.
charactor arrays
Makefile:2: *** multiple target patterns.  Stop.
charactor arrays
Makefile:2: *** multiple target patterns.  Stop.
StopWatch
Makefile:2: *** multiple target patterns.  Stop.
StopWatch
Makefile:2: *** multiple target patterns.  Stop.
StopWatch
Makefile:2: *** multiple target patterns.  Stop.
StopWatch
Makefile:2: *** multiple target patterns.  Stop.
StopWatch
Makefile:2: *** multiple target patterns.  Stop.
StopWatch
Makefile:2: *** multiple target patterns.  Stop.
StopWatch
Makefile:2: *** multiple target patterns.  Stop.
StopWatch
Makefile:2: *** multiple target patterns.  Stop.
StopWatch
Makefile:2: *** multiple target patterns.  Stop.
StopWatch
Makefile:2: *** multiple target patterns.  Stop.
StopWatch
Makefile:2: *** multiple target patterns.  Stop.
StopWatch
Makefile:2: *** multiple target patterns.  Stop.
bash intrepreter
Makefile:2: *** multiple target patterns.  Stop.
bash intrepreter
Makefile:2: *** multiple target patterns.  Stop.
bash intrepreter
Makefile:2: *** multiple target patterns.  Stop.
bash intrepreter
Makefile:2: *** multiple target patterns.  Stop.
bash intrepreter
Makefile:2: *** multiple target patterns.  Stop.
bash intrepreter
Makefile:2: *** multiple target patterns.  Stop.
bash intrepreter
Makefile:2: *** multiple target patterns.  Stop.
bash intrepreter
Makefile:2: *** multiple target patterns.  Stop.
bash intrepreter
Makefile:2: *** multiple target patterns.  Stop.
bash intrepreter
Makefile:2: *** multiple target patterns.  Stop.
bash intrepreter
Makefile:2: *** multiple target patterns.  Stop.
bash intrepreter
Makefile:2: *** multiple target patterns.  Stop.
Numerical Analysis Techniques
Makefile:2: *** multiple target patterns.  Stop.
Numerical Analysis Techniques
Makefile:2: *** multiple target patterns.  Stop.
Numerical Analysis Techniques
Makefile:2: *** multiple target patterns.  Stop.
Numerical Analysis Techniques
Makefile:2: *** multiple target patterns.  Stop.
Numerical Analysis Techniques
Makefile:2: *** multiple target patterns.  Stop.
Numerical Analysis Techniques
Makefile:2: *** multiple target patterns.  Stop.
Numerical Analysis Techniques
Makefile:2: *** multiple target patterns.  Stop.
Numerical Analysis Techniques
Makefile:2: *** multiple target patterns.  Stop.
Numerical Analysis Techniques
Makefile:2: *** multiple target patterns.  Stop.
Numerical Analysis Techniques
Makefile:2: *** multiple target patterns.  Stop.
Numerical Analysis Techniques
Makefile:2: *** multiple target patterns.  Stop.
Numerical Analysis Techniques
Makefile:2: *** multiple target patterns.  Stop.
Stack class
Makefile:2: *** multiple target patterns.  Stop.
Stack class
Makefile:2: *** multiple target patterns.  Stop.
Stack class
Makefile:2: *** multiple target patterns.  Stop.
Stack class
Makefile:2: *** multiple target patterns.  Stop.
Stack class
Makefile:2: *** multiple target patterns.  Stop.
Stack class
Makefile:2: *** multiple target patterns.  Stop.
Stack class
Makefile:2: *** multiple target patterns.  Stop.
Stack class
Makefile:2: *** multiple target patterns.  Stop.
Stack class
Makefile:2: *** multiple target patterns.  Stop.
Stack class
Makefile:2: *** multiple target patterns.  Stop.
Stack class
Makefile:2: *** multiple target patterns.  Stop.
Stack class
Makefile:2: *** multiple target patterns.  Stop.
Skatedown
Makefile:2: *** multiple target patterns.  Stop.
Skatedown
Makefile:2: *** multiple target patterns.  Stop.
Skatedown
Makefile:2: *** multiple target patterns.  Stop.
Skatedown
Makefile:2: *** multiple target patterns.  Stop.
Skatedown
Makefile:2: *** multiple target patterns.  Stop.
Skatedown
Makefile:2: *** multiple target patterns.  Stop.
Skatedown
Makefile:2: *** multiple target patterns.  Stop.
Skatedown
Makefile:2: *** multiple target patterns.  Stop.
Skatedown
Makefile:2: *** multiple target patterns.  Stop.
Skatedown
Makefile:2: *** multiple target patterns.  Stop.
Skatedown
Makefile:2: *** multiple target patterns.  Stop.
Skatedown
Makefile:2: *** multiple target patterns.  Stop.
Cpp Console TicTacToe-2
Makefile:2: *** multiple target patterns.  Stop.
Cpp Console TicTacToe-2
Makefile:2: *** multiple target patterns.  Stop.
Cpp Console TicTacToe-2
Makefile:2: *** multiple target patterns.  Stop.
Cpp Console TicTacToe-2
Makefile:2: *** multiple target patterns.  Stop.
Cpp Console TicTacToe-2
Makefile:2: *** multiple target patterns.  Stop.
Cpp Console TicTacToe-2
Makefile:2: *** multiple target patterns.  Stop.
Cpp Console TicTacToe-2
Makefile:2: *** multiple target patterns.  Stop.
Cpp Console TicTacToe-2
Makefile:2: *** multiple target patterns.  Stop.
Cpp Console TicTacToe-2
Makefile:2: *** multiple target patterns.  Stop.
Cpp Console TicTacToe-2
Makefile:2: *** multiple target patterns.  Stop.
Cpp Console TicTacToe-2
Makefile:2: *** multiple target patterns.  Stop.
Cpp Console TicTacToe-2
Makefile:2: *** multiple target patterns.  Stop.
Expression calculator using Expression trees. Infix to Postfix. Reverse Polish Notation(RPN)
Makefile:2: *** multiple target patterns.  Stop.
Expression calculator using Expression trees. Infix to Postfix. Reverse Polish Notation(RPN)
Makefile:2: *** multiple target patterns.  Stop.
Expression calculator using Expression trees. Infix to Postfix. Reverse Polish Notation(RPN)
Makefile:2: *** multiple target patterns.  Stop.
Expression calculator using Expression trees. Infix to Postfix. Reverse Polish Notation(RPN)
Makefile:2: *** multiple target patterns.  Stop.
Expression calculator using Expression trees. Infix to Postfix. Reverse Polish Notation(RPN)
Makefile:2: *** multiple target patterns.  Stop.
Expression calculator using Expression trees. Infix to Postfix. Reverse Polish Notation(RPN)
Makefile:2: *** multiple target patterns.  Stop.
Expression calculator using Expression trees. Infix to Postfix. Reverse Polish Notation(RPN)
Makefile:2: *** multiple target patterns.  Stop.
Expression calculator using Expression trees. Infix to Postfix. Reverse Polish Notation(RPN)
Makefile:2: *** multiple target patterns.  Stop.
Expression calculator using Expression trees. Infix to Postfix. Reverse Polish Notation(RPN)
Makefile:2: *** multiple target patterns.  Stop.
Expression calculator using Expression trees. Infix to Postfix. Reverse Polish Notation(RPN)
Makefile:2: *** multiple target patterns.  Stop.
Expression calculator using Expression trees. Infix to Postfix. Reverse Polish Notation(RPN)
Makefile:2: *** multiple target patterns.  Stop.
Expression calculator using Expression trees. Infix to Postfix. Reverse Polish Notation(RPN)
Makefile:2: *** multiple target patterns.  Stop.
Configuration Viewer 2.0
Makefile:2: *** multiple target patterns.  Stop.
Configuration Viewer 2.0
Makefile:2: *** multiple target patterns.  Stop.
Configuration Viewer 2.0
Makefile:2: *** multiple target patterns.  Stop.
Configuration Viewer 2.0
Makefile:2: *** multiple target patterns.  Stop.
Configuration Viewer 2.0
Makefile:2: *** multiple target patterns.  Stop.
Configuration Viewer 2.0
Makefile:2: *** multiple target patterns.  Stop.
Configuration Viewer 2.0
Makefile:2: *** multiple target patterns.  Stop.
Configuration Viewer 2.0
Makefile:2: *** multiple target patterns.  Stop.
Configuration Viewer 2.0
Makefile:2: *** multiple target patterns.  Stop.
Configuration Viewer 2.0
Makefile:2: *** multiple target patterns.  Stop.
Configuration Viewer 2.0
Makefile:2: *** multiple target patterns.  Stop.
Configuration Viewer 2.0
Makefile:2: *** multiple target patterns.  Stop.
Super Penguin Bros. v0.01
Makefile:2: *** multiple target patterns.  Stop.
Super Penguin Bros. v0.01
Makefile:2: *** multiple target patterns.  Stop.
Super Penguin Bros. v0.01
Makefile:2: *** multiple target patterns.  Stop.
Super Penguin Bros. v0.01
Makefile:2: *** multiple target patterns.  Stop.
Super Penguin Bros. v0.01
Makefile:2: *** multiple target patterns.  Stop.
Super Penguin Bros. v0.01
Makefile:2: *** multiple target patterns.  Stop.
Super Penguin Bros. v0.01
Makefile:2: *** multiple target patterns.  Stop.
Super Penguin Bros. v0.01
Makefile:2: *** multiple target patterns.  Stop.
Super Penguin Bros. v0.01
Makefile:2: *** multiple target patterns.  Stop.
Super Penguin Bros. v0.01
Makefile:2: *** multiple target patterns.  Stop.
Super Penguin Bros. v0.01
Makefile:2: *** multiple target patterns.  Stop.
Super Penguin Bros. v0.01
Makefile:2: *** multiple target patterns.  Stop.
Neural Networks (A state of the art Artificial Intelligence demonstration)
Makefile:2: *** multiple target patterns.  Stop.
Neural Networks (A state of the art Artificial Intelligence demonstration)
Makefile:2: *** multiple target patterns.  Stop.
Neural Networks (A state of the art Artificial Intelligence demonstration)
Makefile:2: *** multiple target patterns.  Stop.
Neural Networks (A state of the art Artificial Intelligence demonstration)
Makefile:2: *** multiple target patterns.  Stop.
Neural Networks (A state of the art Artificial Intelligence demonstration)
Makefile:2: *** multiple target patterns.  Stop.
Neural Networks (A state of the art Artificial Intelligence demonstration)
Makefile:2: *** multiple target patterns.  Stop.
Neural Networks (A state of the art Artificial Intelligence demonstration)
Makefile:2: *** multiple target patterns.  Stop.
Neural Networks (A state of the art Artificial Intelligence demonstration)
Makefile:2: *** multiple target patterns.  Stop.
Neural Networks (A state of the art Artificial Intelligence demonstration)
Makefile:2: *** multiple target patterns.  Stop.
Neural Networks (A state of the art Artificial Intelligence demonstration)
Makefile:2: *** multiple target patterns.  Stop.
Neural Networks (A state of the art Artificial Intelligence demonstration)
Makefile:2: *** multiple target patterns.  Stop.
Neural Networks (A state of the art Artificial Intelligence demonstration)
Makefile:2: *** multiple target patterns.  Stop.
^^Use Bubble Sort for Ordering Strings
Makefile:2: *** multiple target patterns.  Stop.
wc
wc: 'Bubble\ Sort2': No such file or directory
^^Use Bubble Sort for Ordering Strings
Makefile:2: *** multiple target patterns.  Stop.
^^Use Bubble Sort for Ordering Strings
Makefile:2: *** multiple target patterns.  Stop.
wc
wc: 'Bubble\ Sort2': No such file or directory
^^Use Bubble Sort for Ordering Strings
Makefile:2: *** multiple target patterns.  Stop.
^^Use Bubble Sort for Ordering Strings
Makefile:2: *** multiple target patterns.  Stop.
wc
wc: 'Bubble\ Sort2': No such file or directory
^^Use Bubble Sort for Ordering Strings
Makefile:2: *** multiple target patterns.  Stop.
^^Use Bubble Sort for Ordering Strings
Makefile:2: *** multiple target patterns.  Stop.
wc
wc: 'Bubble\ Sort2': No such file or directory
^^Use Bubble Sort for Ordering Strings
Makefile:2: *** multiple target patterns.  Stop.
^^Use Bubble Sort for Ordering Strings
Makefile:2: *** multiple target patterns.  Stop.
wc
wc: 'Bubble\ Sort2': No such file or directory
^^Use Bubble Sort for Ordering Strings
Makefile:2: *** multiple target patterns.  Stop.
^^Use Bubble Sort for Ordering Strings
Makefile:2: *** multiple target patterns.  Stop.
wc
wc: 'Bubble\ Sort2': No such file or directory
^^Use Bubble Sort for Ordering Strings
Makefile:2: *** multiple target patterns.  Stop.
Begining socket programming in Windows and UNIX (LINUX) - Tutorial and 2 source code server examples
Makefile:2: *** multiple target patterns.  Stop.
Begining socket programming in Windows and UNIX (LINUX) - Tutorial and 2 source code server examples
Makefile:2: *** multiple target patterns.  Stop.
Begining socket programming in Windows and UNIX (LINUX) - Tutorial and 2 source code server examples
Makefile:2: *** multiple target patterns.  Stop.
Begining socket programming in Windows and UNIX (LINUX) - Tutorial and 2 source code server examples
Makefile:2: *** multiple target patterns.  Stop.
Begining socket programming in Windows and UNIX (LINUX) - Tutorial and 2 source code server examples
Makefile:2: *** multiple target patterns.  Stop.
Begining socket programming in Windows and UNIX (LINUX) - Tutorial and 2 source code server examples
Makefile:2: *** multiple target patterns.  Stop.
Begining socket programming in Windows and UNIX (LINUX) - Tutorial and 2 source code server examples
Makefile:2: *** multiple target patterns.  Stop.
Begining socket programming in Windows and UNIX (LINUX) - Tutorial and 2 source code server examples
Makefile:2: *** multiple target patterns.  Stop.
Begining socket programming in Windows and UNIX (LINUX) - Tutorial and 2 source code server examples
Makefile:2: *** multiple target patterns.  Stop.
Begining socket programming in Windows and UNIX (LINUX) - Tutorial and 2 source code server examples
Makefile:2: *** multiple target patterns.  Stop.
Begining socket programming in Windows and UNIX (LINUX) - Tutorial and 2 source code server examples
Makefile:2: *** multiple target patterns.  Stop.
Begining socket programming in Windows and UNIX (LINUX) - Tutorial and 2 source code server examples
Makefile:2: *** multiple target patterns.  Stop.
A really cool binary translator!
Makefile:2: *** multiple target patterns.  Stop.
A really cool binary translator!
Makefile:2: *** multiple target patterns.  Stop.
A really cool binary translator!
Makefile:2: *** multiple target patterns.  Stop.
A really cool binary translator!
Makefile:2: *** multiple target patterns.  Stop.
A really cool binary translator!
Makefile:2: *** multiple target patterns.  Stop.
A really cool binary translator!
Makefile:2: *** multiple target patterns.  Stop.
A really cool binary translator!
Makefile:2: *** multiple target patterns.  Stop.
A really cool binary translator!
Makefile:2: *** multiple target patterns.  Stop.
A really cool binary translator!
Makefile:2: *** multiple target patterns.  Stop.
A really cool binary translator!
Makefile:2: *** multiple target patterns.  Stop.
A really cool binary translator!
Makefile:2: *** multiple target patterns.  Stop.
A really cool binary translator!
Makefile:2: *** multiple target patterns.  Stop.
C mailing list database with algorithm
Makefile:2: *** multiple target patterns.  Stop.
C mailing list database with algorithm
Makefile:2: *** multiple target patterns.  Stop.
C mailing list database with algorithm
Makefile:2: *** multiple target patterns.  Stop.
C mailing list database with algorithm
Makefile:2: *** multiple target patterns.  Stop.
C mailing list database with algorithm
Makefile:2: *** multiple target patterns.  Stop.
C mailing list database with algorithm
Makefile:2: *** multiple target patterns.  Stop.
C mailing list database with algorithm
Makefile:2: *** multiple target patterns.  Stop.
C mailing list database with algorithm
Makefile:2: *** multiple target patterns.  Stop.
C mailing list database with algorithm
Makefile:2: *** multiple target patterns.  Stop.
C mailing list database with algorithm
Makefile:2: *** multiple target patterns.  Stop.
C mailing list database with algorithm
Makefile:2: *** multiple target patterns.  Stop.
C mailing list database with algorithm
Makefile:2: *** multiple target patterns.  Stop.
C Phonebook Project
Makefile:2: *** multiple target patterns.  Stop.
C Phonebook Project
Makefile:2: *** multiple target patterns.  Stop.
C Phonebook Project
Makefile:2: *** multiple target patterns.  Stop.
C Phonebook Project
Makefile:2: *** multiple target patterns.  Stop.
C Phonebook Project
Makefile:2: *** multiple target patterns.  Stop.
C Phonebook Project
Makefile:2: *** multiple target patterns.  Stop.
C Phonebook Project
Makefile:2: *** multiple target patterns.  Stop.
C Phonebook Project
Makefile:2: *** multiple target patterns.  Stop.
C Phonebook Project
Makefile:2: *** multiple target patterns.  Stop.
C Phonebook Project
Makefile:2: *** multiple target patterns.  Stop.
C Phonebook Project
Makefile:2: *** multiple target patterns.  Stop.
C Phonebook Project
Makefile:2: *** multiple target patterns.  Stop.
Cpp Class Objects to Vector STL
Makefile:2: *** multiple target patterns.  Stop.
Cpp Class Objects to Vector STL
Makefile:2: *** multiple target patterns.  Stop.
Cpp Class Objects to Vector STL
Makefile:2: *** multiple target patterns.  Stop.
Cpp Class Objects to Vector STL
Makefile:2: *** multiple target patterns.  Stop.
Cpp Class Objects to Vector STL
Makefile:2: *** multiple target patterns.  Stop.
Cpp Class Objects to Vector STL
Makefile:2: *** multiple target patterns.  Stop.
Cpp Class Objects to Vector STL
Makefile:2: *** multiple target patterns.  Stop.
Cpp Class Objects to Vector STL
Makefile:2: *** multiple target patterns.  Stop.
Cpp Class Objects to Vector STL
Makefile:2: *** multiple target patterns.  Stop.
Cpp Class Objects to Vector STL
Makefile:2: *** multiple target patterns.  Stop.
Cpp Class Objects to Vector STL
Makefile:2: *** multiple target patterns.  Stop.
Cpp Class Objects to Vector STL
Makefile:2: *** multiple target patterns.  Stop.
The 8086 Assembler
Makefile:2: *** multiple target patterns.  Stop.
The 8086 Assembler
Makefile:2: *** multiple target patterns.  Stop.
The 8086 Assembler
Makefile:2: *** multiple target patterns.  Stop.
The 8086 Assembler
Makefile:2: *** multiple target patterns.  Stop.
The 8086 Assembler
Makefile:2: *** multiple target patterns.  Stop.
The 8086 Assembler
Makefile:2: *** multiple target patterns.  Stop.
The 8086 Assembler
Makefile:2: *** multiple target patterns.  Stop.
The 8086 Assembler
Makefile:2: *** multiple target patterns.  Stop.
The 8086 Assembler
Makefile:2: *** multiple target patterns.  Stop.
The 8086 Assembler
Makefile:2: *** multiple target patterns.  Stop.
The 8086 Assembler
Makefile:2: *** multiple target patterns.  Stop.
The 8086 Assembler
Makefile:2: *** multiple target patterns.  Stop.
Pixel Building
Makefile:2: *** multiple target patterns.  Stop.
Pixel Building
Makefile:2: *** multiple target patterns.  Stop.
Pixel Building
Makefile:2: *** multiple target patterns.  Stop.
Pixel Building
Makefile:2: *** multiple target patterns.  Stop.
Pixel Building
Makefile:2: *** multiple target patterns.  Stop.
Pixel Building
Makefile:2: *** multiple target patterns.  Stop.
Pixel Building
Makefile:2: *** multiple target patterns.  Stop.
Pixel Building
Makefile:2: *** multiple target patterns.  Stop.
Pixel Building
Makefile:2: *** multiple target patterns.  Stop.
Pixel Building
Makefile:2: *** multiple target patterns.  Stop.
Pixel Building
Makefile:2: *** multiple target patterns.  Stop.
Pixel Building
Makefile:2: *** multiple target patterns.  Stop.
Sorting algorithm
Makefile:8: warning: overriding recipe for target 'Sorting Tools'
Makefile:4: warning: ignoring old recipe for target 'Sorting Tools'
make: *** No rule to make target 'll_code.ll', needed by 'opt.bc'.  Stop.
wc
wc: 'Sorting\ Tools': No such file or directory
Sorting algorithm
Makefile:8: warning: overriding recipe for target 'Sorting Tools'
Makefile:4: warning: ignoring old recipe for target 'Sorting Tools'
make: *** No rule to make target 'll_code.ll', needed by 'opt.bc'.  Stop.
wc
wc: 'Sorting\ Tools': No such file or directory
Sorting algorithm
Makefile:8: warning: overriding recipe for target 'Sorting Tools'
Makefile:4: warning: ignoring old recipe for target 'Sorting Tools'
make: *** No rule to make target 'll_code.ll', needed by 'opt.bc'.  Stop.
wc
wc: 'Sorting\ Tools': No such file or directory
Sorting algorithm
Makefile:8: warning: overriding recipe for target 'Sorting Tools'
Makefile:4: warning: ignoring old recipe for target 'Sorting Tools'
make: *** No rule to make target 'll_code.ll', needed by 'opt.bc'.  Stop.
wc
wc: 'Sorting\ Tools': No such file or directory
Sorting algorithm
Makefile:8: warning: overriding recipe for target 'Sorting Tools'
Makefile:4: warning: ignoring old recipe for target 'Sorting Tools'
make: *** No rule to make target 'll_code.ll', needed by 'opt.bc'.  Stop.
wc
wc: 'Sorting\ Tools': No such file or directory
Sorting algorithm
Makefile:8: warning: overriding recipe for target 'Sorting Tools'
Makefile:4: warning: ignoring old recipe for target 'Sorting Tools'
make: *** No rule to make target 'll_code.ll', needed by 'opt.bc'.  Stop.
wc
wc: 'Sorting\ Tools': No such file or directory
A Hangman Game (College Nickname Edition)
/bin/sh: 1: Syntax error: "(" unexpected
make: *** [hangman(colleges)] Error 2
wc
wc: 'hangman\(colleges\)': No such file or directory
A Hangman Game (College Nickname Edition)
/bin/sh: 1: Syntax error: "(" unexpected
make: *** [hangman(colleges)] Error 2
wc
wc: 'hangman\(colleges\)': No such file or directory
A Hangman Game (College Nickname Edition)
/bin/sh: 1: Syntax error: "(" unexpected
make: *** [hangman(colleges)] Error 2
wc
wc: 'hangman\(colleges\)': No such file or directory
A Hangman Game (College Nickname Edition)
/bin/sh: 1: Syntax error: "(" unexpected
make: *** [hangman(colleges)] Error 2
wc
wc: 'hangman\(colleges\)': No such file or directory
A Hangman Game (College Nickname Edition)
/bin/sh: 1: Syntax error: "(" unexpected
make: *** [hangman(colleges)] Error 2
wc
wc: 'hangman\(colleges\)': No such file or directory
A Hangman Game (College Nickname Edition)
/bin/sh: 1: Syntax error: "(" unexpected
make: *** [hangman(colleges)] Error 2
wc
wc: 'hangman\(colleges\)': No such file or directory
^^Use Bubble Sort for Ordering Strings
Makefile:8: warning: overriding recipe for target 'Bubble Sort2'
Makefile:4: warning: ignoring old recipe for target 'Bubble Sort2'
make: *** No rule to make target 'll_code.ll', needed by 'opt.bc'.  Stop.
wc
wc: 'Bubble\ Sort2': No such file or directory
^^Use Bubble Sort for Ordering Strings
Makefile:8: warning: overriding recipe for target 'Bubble Sort2'
Makefile:4: warning: ignoring old recipe for target 'Bubble Sort2'
make: *** No rule to make target 'll_code.ll', needed by 'opt.bc'.  Stop.
wc
wc: 'Bubble\ Sort2': No such file or directory
^^Use Bubble Sort for Ordering Strings
Makefile:8: warning: overriding recipe for target 'Bubble Sort2'
Makefile:4: warning: ignoring old recipe for target 'Bubble Sort2'
make: *** No rule to make target 'll_code.ll', needed by 'opt.bc'.  Stop.
wc
wc: 'Bubble\ Sort2': No such file or directory
^^Use Bubble Sort for Ordering Strings
Makefile:8: warning: overriding recipe for target 'Bubble Sort2'
Makefile:4: warning: ignoring old recipe for target 'Bubble Sort2'
make: *** No rule to make target 'll_code.ll', needed by 'opt.bc'.  Stop.
wc
wc: 'Bubble\ Sort2': No such file or directory
^^Use Bubble Sort for Ordering Strings
Makefile:8: warning: overriding recipe for target 'Bubble Sort2'
Makefile:4: warning: ignoring old recipe for target 'Bubble Sort2'
make: *** No rule to make target 'll_code.ll', needed by 'opt.bc'.  Stop.
wc
wc: 'Bubble\ Sort2': No such file or directory
^^Use Bubble Sort for Ordering Strings
Makefile:8: warning: overriding recipe for target 'Bubble Sort2'
Makefile:4: warning: ignoring old recipe for target 'Bubble Sort2'
make: *** No rule to make target 'll_code.ll', needed by 'opt.bc'.  Stop.
wc
wc: 'Bubble\ Sort2': No such file or directory
Pixel Building
Makefile:8: warning: overriding recipe for target 'Sorting Tools'
Makefile:4: warning: ignoring old recipe for target 'Sorting Tools'
make: *** No rule to make target 'll_code.ll', needed by 'opt.bc'.  Stop.
Pixel Building
Makefile:8: warning: overriding recipe for target 'Sorting Tools'
Makefile:4: warning: ignoring old recipe for target 'Sorting Tools'
make: *** No rule to make target 'll_code.ll', needed by 'opt.bc'.  Stop.
Sorting algorithm
Makefile:8: warning: overriding recipe for target 'Sorting Tools'
Makefile:4: warning: ignoring old recipe for target 'Sorting Tools'
make: *** No rule to make target 'll_code.ll', needed by 'opt.bc'.  Stop.
A Hangman Game (College Nickname Edition)
/bin/sh: 1: Syntax error: "(" unexpected
make: *** [hangman(colleges)] Error 2
A Hangman Game (College Nickname Edition)
/bin/sh: 1: Syntax error: "(" unexpected
make: *** [hangman(colleges)] Error 2
^^Use Bubble Sort for Ordering Strings
Makefile:8: warning: overriding recipe for target 'Bubble Sort2'
Makefile:4: warning: ignoring old recipe for target 'Bubble Sort2'
make: *** No rule to make target 'll_code.ll', needed by 'opt.bc'.  Stop.
wc
wc: 'Sorting\ Tools': No such file or directory
wc
wc: 'Sorting\ Tools': No such file or directory
wc
wc: 'Sorting\ Tools': No such file or directory
wc
wc: 'Sorting\ Tools': No such file or directory
wc
wc: 'Sorting\ Tools': No such file or directory
wc
wc: 'Sorting\ Tools': No such file or directory
wc
wc: 'hangman\(colleges\)': No such file or directory
wc
wc: 'hangman\(colleges\)': No such file or directory
wc
wc: 'hangman\(colleges\)': No such file or directory
wc
wc: 'hangman\(colleges\)': No such file or directory
wc
wc: 'hangman\(colleges\)': No such file or directory
wc
wc: 'hangman\(colleges\)': No such file or directory
wc
wc: 'Bubble\ Sort2': No such file or directory
wc
wc: 'Bubble\ Sort2': No such file or directory
wc
wc: 'Bubble\ Sort2': No such file or directory
wc
wc: 'Bubble\ Sort2': No such file or directory
wc
wc: 'Bubble\ Sort2': No such file or directory
wc
wc: 'Bubble\ Sort2': No such file or directory
